ℹ️  Build front-end não encontrado (dist/index.html ou docs/index.html). Acesse / para health check. Rode `npm run build` na raiz para gerar.
Could not connect to Postgres, falling back to in-memory stores. Error: getaddrinfo ENOTFOUND dpg-d2l53nv5r7bs73dba6d0-a
node:events:497
      throw er; // Unhandled 'error' event
      ^

Error: listen EADDRINUSE: address already in use :::3001
    at Server.setupListenHandle [as _listen2] (node:net:1940:16)
    at listenInCluster (node:net:1997:12)
    at Server.listen (node:net:2102:7)
    at Function.listen (D:\ESTUDY\marido-de-aluguel-carioca\backend\node_modules\express\lib\application.js:635:24)
    at startServer (D:\ESTUDY\marido-de-aluguel-carioca\backend\dist\index.js:103:24)
    at D:\ESTUDY\marido-de-aluguel-carioca\backend\dist\index.js:120:33
    at <anonymous>
    at process.processTicksAndRejections (node:internal/process/task_queues:105:5)
Emitted 'error' event on Server instance at:
    at emitErrorNT (node:net:1976:8)
    at process.processTicksAndRejections (node:internal/process/task_queues:90:21) {
  code: 'EADDRINUSE',
  errno: -4091,
  syscall: 'listen',
  address: '::',
  port: 3001
}

Node.js v22.19.0
